Using pre-set license
Built from '2020.3/release' branch; Version is '2020.3.34f1 (9a4c9c70452b) revision 10112156'; Using compiler version '192528614'; Build Type 'Release'
OS: 'Windows 11  (10.0.22000) 64bit Professional' Language: 'ar' Physical Memory: 16281 MB
BatchMode: 1, IsHumanControllingUs: 0, StartBugReporterOnCrash: 0, Is64bit: 1, IsPro: 0

COMMAND LINE ARGUMENTS:
C:\Program Files\Unity\Hub\Editor\2020.3.34f1\Editor\Unity.exe
-adb2
-batchMode
-noUpm
-name
AssetImportWorker0
-projectPath
C:/Users/weedo/Downloads/Nine66GameJam/Nine66GameJam/Nine66GameJam
-logFile
Logs/AssetImportWorker0.log
-srvPort
62138
Successfully changed project path to: C:/Users/weedo/Downloads/Nine66GameJam/Nine66GameJam/Nine66GameJam
C:/Users/weedo/Downloads/Nine66GameJam/Nine66GameJam/Nine66GameJam
Using Asset Import Pipeline V2.
Refreshing native plugins compatible for Editor in 39.57 ms, found 2 plugins.
Preloading 0 native plugins for Editor in 0.00 ms.
Initialize engine version: 2020.3.34f1 (9a4c9c70452b)
[Subsystems] Discovering subsystems at path C:/Program Files/Unity/Hub/Editor/2020.3.34f1/Editor/Data/Resources/UnitySubsystems
[Subsystems] Discovering subsystems at path C:/Users/weedo/Downloads/Nine66GameJam/Nine66GameJam/Nine66GameJam/Assets
GfxDevice: creating device client; threaded=0
Direct3D:
    Version:  Direct3D 11.0 [level 11.1]
    Renderer: NVIDIA GeForce GTX 1650 (ID=0x1f82)
    Vendor:   
    VRAM:     3962 MB
    Driver:   30.0.15.1123
Initialize mono
Mono path[0] = 'C:/Program Files/Unity/Hub/Editor/2020.3.34f1/Editor/Data/Managed'
Mono path[1] = 'C:/Program Files/Unity/Hub/Editor/2020.3.34f1/Editor/Data/MonoBleedingEdge/lib/mono/unityjit'
Mono config path = 'C:/Program Files/Unity/Hub/Editor/2020.3.34f1/Editor/Data/MonoBleedingEdge/etc'
Using monoOptions --debugger-agent=transport=dt_socket,embedding=1,server=y,suspend=n,address=127.0.0.1:56836
Begin MonoManager ReloadAssembly
Registering precompiled unity dll's ...
Register platform support module: C:/Program Files/Unity/Hub/Editor/2020.3.34f1/Editor/Data/PlaybackEngines/WindowsStandaloneSupport/UnityEditor.WindowsStandalone.Extensions.dll
Registered in 0.001015 seconds.
Native extension for WindowsStandalone target not found
Refreshing native plugins compatible for Editor in 39.29 ms, found 2 plugins.
Preloading 0 native plugins for Editor in 0.00 ms.
Mono: successfully reloaded assembly
- Completed reload, in  0.409 seconds
Domain Reload Profiling:
	ReloadAssembly (409ms)
		BeginReloadAssembly (68ms)
			ExecutionOrderSort (0ms)
			DisableScriptedObjects (0ms)
			BackupInstance (0ms)
			ReleaseScriptingObjects (0ms)
			CreateAndSetChildDomain (0ms)
		EndReloadAssembly (301ms)
			LoadAssemblies (67ms)
			RebuildTransferFunctionScriptingTraits (0ms)
			SetupTypeCache (98ms)
			ReleaseScriptCaches (0ms)
			RebuildScriptCaches (19ms)
			SetupLoadedEditorAssemblies (125ms)
				LogAssemblyErrors (0ms)
				InitializePlatformSupportModulesInManaged (3ms)
				SetLoadedEditorAssemblies (0ms)
				RefreshPlugins (39ms)
				BeforeProcessingInitializeOnLoad (10ms)
				ProcessInitializeOnLoadAttributes (57ms)
				ProcessInitializeOnLoadMethodAttributes (16ms)
				AfterProcessingInitializeOnLoad (0ms)
				EditorAssembliesLoaded (0ms)
			ExecutionOrderSort2 (0ms)
			AwakeInstancesAfterBackupRestoration (0ms)
Platform modules already initialized, skipping
Registering precompiled user dll's ...
Registered in 0.002263 seconds.
Begin MonoManager ReloadAssembly
Native extension for WindowsStandalone target not found
Refreshing native plugins compatible for Editor in 41.95 ms, found 2 plugins.
Preloading 0 native plugins for Editor in 0.00 ms.
Mono: successfully reloaded assembly
- Completed reload, in  0.749 seconds
Domain Reload Profiling:
	ReloadAssembly (750ms)
		BeginReloadAssembly (110ms)
			ExecutionOrderSort (0ms)
			DisableScriptedObjects (3ms)
			BackupInstance (0ms)
			ReleaseScriptingObjects (0ms)
			CreateAndSetChildDomain (12ms)
		EndReloadAssembly (607ms)
			LoadAssemblies (82ms)
			RebuildTransferFunctionScriptingTraits (0ms)
			SetupTypeCache (190ms)
			ReleaseScriptCaches (1ms)
			RebuildScriptCaches (32ms)
			SetupLoadedEditorAssemblies (262ms)
				LogAssemblyErrors (0ms)
				InitializePlatformSupportModulesInManaged (2ms)
				SetLoadedEditorAssemblies (0ms)
				RefreshPlugins (42ms)
				BeforeProcessingInitializeOnLoad (60ms)
				ProcessInitializeOnLoadAttributes (146ms)
				ProcessInitializeOnLoadMethodAttributes (9ms)
				AfterProcessingInitializeOnLoad (3ms)
				EditorAssembliesLoaded (0ms)
			ExecutionOrderSort2 (0ms)
			AwakeInstancesAfterBackupRestoration (1ms)
Platform modules already initialized, skipping
========================================================================
Worker process is ready to serve import requests
Launched and connected shader compiler UnityShaderCompiler.exe after 0.04 seconds
Refreshing native plugins compatible for Editor in 0.37 ms, found 2 plugins.
Preloading 0 native plugins for Editor in 0.00 ms.
Unloading 3221 Unused Serialized files (Serialized files now loaded: 0)
System memory in use before: 145.3 MB.
System memory in use after: 145.5 MB.

Unloading 20 unused Assets to reduce memory usage. Loaded Objects now: 3662.
Total: 1.973600 ms (FindLiveObjects: 0.131200 ms CreateObjectMapping: 0.064300 ms MarkObjects: 1.733600 ms  DeleteObjects: 0.043900 ms)

AssetImportParameters requested are different than current active one (requested -> active):
  custom:framework-win-MediaFoundation: 216162199b28c13a410421893ffa2e32 -> 
  custom:video-decoder-ogg-theora: a1e56fd34408186e4bbccfd4996cb3dc -> 
  custom:container-muxer-webm: aa71ff27fc2769a1b78a27578f13a17b -> 
  custom:container-demuxer-webm: 4f35f7cbe854078d1ac9338744f61a02 -> 
  custom:container-demuxer-ogg: 62fdf1f143b41e24485cea50d1cbac27 -> 
  custom:video-encoder-webm-vp8: eb34c28f22e8b96e1ab97ce403110664 -> 
  custom:video-decoder-webm-vp8: 9c59270c3fd7afecdb556c50c9e8de78 -> 
  custom:audio-decoder-ogg-vorbis: bf7c407c2cedff20999df2af8eb42d56 -> 
  custom:audio-encoder-webm-vorbis: bf7c407c2cedff20999df2af8eb42d56 -> 
========================================================================
Received Import Request.
  path: Assets/Scenes/Untitled-4_Recovered-09.png
  artifactKey: Guid(e03037dc25348ac4baeef673ffa3ad20) Importer(815301076,1909f56bfc062723c751e8b465ee728b)
Start importing Assets/Scenes/Untitled-4_Recovered-09.png using Guid(e03037dc25348ac4baeef673ffa3ad20) Importer(815301076,1909f56bfc062723c751e8b465ee728b)  -> (artifact id: '22ffd329ff6446ae8bbda3e83b240201') in 0.097391 seconds 
========================================================================
Received Import Request.
  Time since last request: 0.000297 seconds.
  path: Assets/Scenes/Untitled-4_Recovered-18.png
  artifactKey: Guid(d84c1e6f4f05d994a8860cc2defcd2ed) Importer(815301076,1909f56bfc062723c751e8b465ee728b)
Start importing Assets/Scenes/Untitled-4_Recovered-18.png using Guid(d84c1e6f4f05d994a8860cc2defcd2ed) Importer(815301076,1909f56bfc062723c751e8b465ee728b)  -> (artifact id: 'b7f69e829f8a76aa077b608ee8243dac') in 0.025587 seconds 
========================================================================
Received Import Request.
  Time since last request: 0.000220 seconds.
  path: Assets/Scenes/Untitled-4_Recovered-12.png
  artifactKey: Guid(a14c77d7ff76d634baff03c47669dae2) Importer(815301076,1909f56bfc062723c751e8b465ee728b)
Start importing Assets/Scenes/Untitled-4_Recovered-12.png using Guid(a14c77d7ff76d634baff03c47669dae2) Importer(815301076,1909f56bfc062723c751e8b465ee728b)  -> (artifact id: '247013f5daaaa6c458079e9e1050af15') in 0.016427 seconds 
========================================================================
Received Import Request.
  Time since last request: 0.000203 seconds.
  path: Assets/Scenes/Untitled-4_Recovered-22.png
  artifactKey: Guid(b448da07c6edf3b4c97c368b7c7c8896) Importer(815301076,1909f56bfc062723c751e8b465ee728b)
Start importing Assets/Scenes/Untitled-4_Recovered-22.png using Guid(b448da07c6edf3b4c97c368b7c7c8896) Importer(815301076,1909f56bfc062723c751e8b465ee728b)  -> (artifact id: 'a291362f6a09382f9416b29dfef717fe') in 0.015672 seconds 
========================================================================
Received Import Request.
  Time since last request: 0.000222 seconds.
  path: Assets/Scenes/Untitled-4_Recovered-27.png
  artifactKey: Guid(972ac1e3d4c985e4ba11c20a271c48bd) Importer(815301076,1909f56bfc062723c751e8b465ee728b)
Start importing Assets/Scenes/Untitled-4_Recovered-27.png using Guid(972ac1e3d4c985e4ba11c20a271c48bd) Importer(815301076,1909f56bfc062723c751e8b465ee728b)  -> (artifact id: '1875fc5c5843a52ea5c46ad6875dae0d') in 0.017286 seconds 
========================================================================
Received Import Request.
  Time since last request: 0.000168 seconds.
  path: Assets/Scenes/Untitled-4_Recovered-05.png
  artifactKey: Guid(744598010fe91834b9c02a2492bbbe17) Importer(815301076,1909f56bfc062723c751e8b465ee728b)
Start importing Assets/Scenes/Untitled-4_Recovered-05.png using Guid(744598010fe91834b9c02a2492bbbe17) Importer(815301076,1909f56bfc062723c751e8b465ee728b)  -> (artifact id: 'bf04a2561970f7d9739069884b8feaf4') in 0.010794 seconds 
========================================================================
Received Import Request.
  Time since last request: 0.000258 seconds.
  path: Assets/Scenes/Untitled-4_Recovered-32.png
  artifactKey: Guid(ba8ebc8db06ff2d4b85f1085a0714ae0) Importer(815301076,1909f56bfc062723c751e8b465ee728b)
Start importing Assets/Scenes/Untitled-4_Recovered-32.png using Guid(ba8ebc8db06ff2d4b85f1085a0714ae0) Importer(815301076,1909f56bfc062723c751e8b465ee728b)  -> (artifact id: '09c4376f77ba17685b1677fbb7f22dc9') in 0.015712 seconds 
========================================================================
Received Import Request.
  Time since last request: 0.000198 seconds.
  path: Assets/Scenes/Untitled-4_Recovered-10.png
  artifactKey: Guid(026cf2bbec22e734fb9ae5d0c9cbb574) Importer(815301076,1909f56bfc062723c751e8b465ee728b)
Start importing Assets/Scenes/Untitled-4_Recovered-10.png using Guid(026cf2bbec22e734fb9ae5d0c9cbb574) Importer(815301076,1909f56bfc062723c751e8b465ee728b)  -> (artifact id: '25be5d25dff75e857b64e6e6e17bb2ea') in 0.016885 seconds 
========================================================================
Received Import Request.
  Time since last request: 0.000231 seconds.
  path: Assets/Scenes/Untitled-4_Recovered-25.png
  artifactKey: Guid(2a7ab5e8e9ed0334da5958f3d8e1f64c) Importer(815301076,1909f56bfc062723c751e8b465ee728b)
Start importing Assets/Scenes/Untitled-4_Recovered-25.png using Guid(2a7ab5e8e9ed0334da5958f3d8e1f64c) Importer(815301076,1909f56bfc062723c751e8b465ee728b)  -> (artifact id: '463fbbe1a509f8eefa771e8c06677092') in 0.022938 seconds 
========================================================================
Received Import Request.
  Time since last request: 0.000189 seconds.
  path: Assets/Scenes/Untitled-4_Recovered-29.png
  artifactKey: Guid(966fa5c783d3b214cb6e985fcc35e4be) Importer(815301076,1909f56bfc062723c751e8b465ee728b)
Start importing Assets/Scenes/Untitled-4_Recovered-29.png using Guid(966fa5c783d3b214cb6e985fcc35e4be) Importer(815301076,1909f56bfc062723c751e8b465ee728b)  -> (artifact id: '55ae8e7599d2db157c5f431dcc41f23a') in 0.015280 seconds 
========================================================================
Received Import Request.
  Time since last request: 0.000245 seconds.
  path: Assets/Scenes/Untitled-4_Recovered-08.png
  artifactKey: Guid(7e99c9ae48c4ff94f869a29f611727f8) Importer(815301076,1909f56bfc062723c751e8b465ee728b)
Start importing Assets/Scenes/Untitled-4_Recovered-08.png using Guid(7e99c9ae48c4ff94f869a29f611727f8) Importer(815301076,1909f56bfc062723c751e8b465ee728b)  -> (artifact id: 'e1da68d20e24e3db354ff949f8bc50df') in 0.013281 seconds 
========================================================================
Received Import Request.
  Time since last request: 0.000254 seconds.
  path: Assets/Scenes/Untitled-4_Recovered-19.png
  artifactKey: Guid(52bf04a1bf928f949a1a7002927f7674) Importer(815301076,1909f56bfc062723c751e8b465ee728b)
Start importing Assets/Scenes/Untitled-4_Recovered-19.png using Guid(52bf04a1bf928f949a1a7002927f7674) Importer(815301076,1909f56bfc062723c751e8b465ee728b)  -> (artifact id: 'ff5b1a7198b285038f7e7edf3b5a21ee') in 0.015196 seconds 
========================================================================
Received Import Request.
  Time since last request: 0.000175 seconds.
  path: Assets/Scenes/Untitled-4_Recovered-35.png
  artifactKey: Guid(6d72ec659f7cc654ba8d24a3e7fb2480) Importer(815301076,1909f56bfc062723c751e8b465ee728b)
Start importing Assets/Scenes/Untitled-4_Recovered-35.png using Guid(6d72ec659f7cc654ba8d24a3e7fb2480) Importer(815301076,1909f56bfc062723c751e8b465ee728b)  -> (artifact id: '857fedc1ccd7a2260fe834c22225683b') in 0.016965 seconds 
========================================================================
Received Import Request.
  Time since last request: 0.000187 seconds.
  path: Assets/Scenes/Untitled-4_Recovered-06 (1).png
  artifactKey: Guid(84e700b697c3f9e438471549ccb30899) Importer(815301076,1909f56bfc062723c751e8b465ee728b)
Start importing Assets/Scenes/Untitled-4_Recovered-06 (1).png using Guid(84e700b697c3f9e438471549ccb30899) Importer(815301076,1909f56bfc062723c751e8b465ee728b)  -> (artifact id: '65c0bf1f76106c6c7fef1886b7ba91a6') in 0.060498 seconds 
========================================================================
Received Import Request.
  Time since last request: 0.000204 seconds.
  path: Assets/Scenes/Untitled-4_Recovered-21.png
  artifactKey: Guid(49fbca562623d5140b5024fa578f0411) Importer(815301076,1909f56bfc062723c751e8b465ee728b)
Start importing Assets/Scenes/Untitled-4_Recovered-21.png using Guid(49fbca562623d5140b5024fa578f0411) Importer(815301076,1909f56bfc062723c751e8b465ee728b)  -> (artifact id: '242430b50d70d6d97cae31d0375d0dbd') in 0.019585 seconds 
========================================================================
Received Import Request.
  Time since last request: 0.000157 seconds.
  path: Assets/Scenes/Untitled-4_Recovered-26.png
  artifactKey: Guid(25c5e17098a8b9f4bad34d200bf35d9c) Importer(815301076,1909f56bfc062723c751e8b465ee728b)
Start importing Assets/Scenes/Untitled-4_Recovered-26.png using Guid(25c5e17098a8b9f4bad34d200bf35d9c) Importer(815301076,1909f56bfc062723c751e8b465ee728b)  -> (artifact id: '3ca60665c2fb9b5c0883b7512957395e') in 0.017334 seconds 
========================================================================
Received Import Request.
  Time since last request: 0.000181 seconds.
  path: Assets/Scenes/Untitled-4_Recovered-38.png
  artifactKey: Guid(f2cca0b6f281f314a802bab9434e54c6) Importer(815301076,1909f56bfc062723c751e8b465ee728b)
Start importing Assets/Scenes/Untitled-4_Recovered-38.png using Guid(f2cca0b6f281f314a802bab9434e54c6) Importer(815301076,1909f56bfc062723c751e8b465ee728b)  -> (artifact id: 'c52902577c0d7ba20dd84e5a0becf552') in 0.017291 seconds 
========================================================================
Received Import Request.
  Time since last request: 0.000176 seconds.
  path: Assets/Scenes/Untitled-4_Recovered-14.png
  artifactKey: Guid(bf0c1727a43c0394c948e4664742837c) Importer(815301076,1909f56bfc062723c751e8b465ee728b)
Start importing Assets/Scenes/Untitled-4_Recovered-14.png using Guid(bf0c1727a43c0394c948e4664742837c) Importer(815301076,1909f56bfc062723c751e8b465ee728b)  -> (artifact id: '405d420fe4068c141dd7d78839e0545e') in 0.016980 seconds 
========================================================================
Received Import Request.
  Time since last request: 0.000266 seconds.
  path: Assets/Scenes/Untitled-4_Recovered-37.png
  artifactKey: Guid(6e0a29ec728652344b3a0fb5de6f046c) Importer(815301076,1909f56bfc062723c751e8b465ee728b)
Start importing Assets/Scenes/Untitled-4_Recovered-37.png using Guid(6e0a29ec728652344b3a0fb5de6f046c) Importer(815301076,1909f56bfc062723c751e8b465ee728b)  -> (artifact id: 'd2cf7545266b1bbbb908de64628545f2') in 0.015144 seconds 
========================================================================
Received Import Request.
  Time since last request: 0.000262 seconds.
  path: Assets/Scenes/Untitled-4_Recovered-15.png
  artifactKey: Guid(206d5a9e2ed77a746abb7f840085d1b9) Importer(815301076,1909f56bfc062723c751e8b465ee728b)
Start importing Assets/Scenes/Untitled-4_Recovered-15.png using Guid(206d5a9e2ed77a746abb7f840085d1b9) Importer(815301076,1909f56bfc062723c751e8b465ee728b)  -> (artifact id: '3066728a28708570811b0d437b6d4b7a') in 0.023276 seconds 
========================================================================
Received Import Request.
  Time since last request: 0.000200 seconds.
  path: Assets/Scenes/Untitled-4_Recovered-23.png
  artifactKey: Guid(95d4e71f052cf82408508a2476215c14) Importer(815301076,1909f56bfc062723c751e8b465ee728b)
Start importing Assets/Scenes/Untitled-4_Recovered-23.png using Guid(95d4e71f052cf82408508a2476215c14) Importer(815301076,1909f56bfc062723c751e8b465ee728b)  -> (artifact id: '68f56c49a110f47adc8b72fdf50c9732') in 0.018377 seconds 
========================================================================
Received Import Request.
  Time since last request: 0.000241 seconds.
  path: Assets/Scenes/Untitled-4_Recovered-07.png
  artifactKey: Guid(3f8106f2f6adc4844ba7b300a7686314) Importer(815301076,1909f56bfc062723c751e8b465ee728b)
Start importing Assets/Scenes/Untitled-4_Recovered-07.png using Guid(3f8106f2f6adc4844ba7b300a7686314) Importer(815301076,1909f56bfc062723c751e8b465ee728b)  -> (artifact id: '593757fe00f65b7e837b8bbb261ba714') in 0.021462 seconds 
========================================================================
Received Import Request.
  Time since last request: 0.000207 seconds.
  path: Assets/Scenes/Untitled-4_Recovered-30.png
  artifactKey: Guid(257d064320021fc42bc90b835b476210) Importer(815301076,1909f56bfc062723c751e8b465ee728b)
Start importing Assets/Scenes/Untitled-4_Recovered-30.png using Guid(257d064320021fc42bc90b835b476210) Importer(815301076,1909f56bfc062723c751e8b465ee728b)  -> (artifact id: 'ff3c91bce7cf2abeeca05e0b0cab2e73') in 0.038293 seconds 
========================================================================
Received Import Request.
  Time since last request: 0.000163 seconds.
  path: Assets/Scenes/Untitled-4_Recovered-24.png
  artifactKey: Guid(88b1eb21883093c418f1c808044e8ff3) Importer(815301076,1909f56bfc062723c751e8b465ee728b)
Start importing Assets/Scenes/Untitled-4_Recovered-24.png using Guid(88b1eb21883093c418f1c808044e8ff3) Importer(815301076,1909f56bfc062723c751e8b465ee728b)  -> (artifact id: '3d4f00396acdf3a199f6bdb8167776ab') in 0.019699 seconds 
========================================================================
Received Import Request.
  Time since last request: 0.000192 seconds.
  path: Assets/Scenes/AlfaSlabOne-Regular.ttf
  artifactKey: Guid(ac97fa7fcc6510542923e553b0a1c16f) Importer(815301076,1909f56bfc062723c751e8b465ee728b)
Start importing Assets/Scenes/AlfaSlabOne-Regular.ttf using Guid(ac97fa7fcc6510542923e553b0a1c16f) Importer(815301076,1909f56bfc062723c751e8b465ee728b)  -> (artifact id: 'db767f48a11f876ae14d4450c0f0da08') in 0.114156 seconds 
========================================================================
Received Import Request.
  Time since last request: 0.000239 seconds.
  path: Assets/Scenes/Untitled-4_Recovered-34.png
  artifactKey: Guid(894dd577134931c4c9eb158140583734) Importer(815301076,1909f56bfc062723c751e8b465ee728b)
Start importing Assets/Scenes/Untitled-4_Recovered-34.png using Guid(894dd577134931c4c9eb158140583734) Importer(815301076,1909f56bfc062723c751e8b465ee728b)  -> (artifact id: '4d0f32c64f81a242ea18749d435703c3') in 0.047717 seconds 
========================================================================
Received Import Request.
  Time since last request: 0.000180 seconds.
  path: Assets/Scenes/Untitled-4_Recovered-36.png
  artifactKey: Guid(c0239a872c67bd2428651f441399dca4) Importer(815301076,1909f56bfc062723c751e8b465ee728b)
Start importing Assets/Scenes/Untitled-4_Recovered-36.png using Guid(c0239a872c67bd2428651f441399dca4) Importer(815301076,1909f56bfc062723c751e8b465ee728b)  -> (artifact id: '42ce52601c9ccab892b1fecb0c09f069') in 0.015717 seconds 
========================================================================
Received Import Request.
  Time since last request: 0.000191 seconds.
  path: Assets/Scenes/Untitled-4_Recovered-13.png
  artifactKey: Guid(4ae2307f88e95a643bb71db0d7354769) Importer(815301076,1909f56bfc062723c751e8b465ee728b)
Start importing Assets/Scenes/Untitled-4_Recovered-13.png using Guid(4ae2307f88e95a643bb71db0d7354769) Importer(815301076,1909f56bfc062723c751e8b465ee728b)  -> (artifact id: 'fd32cd07f4cf1fa9b45d5d5601720a85') in 0.015827 seconds 
========================================================================
Received Import Request.
  Time since last request: 0.000197 seconds.
  path: Assets/Scenes/Untitled-4_Recovered-28.png
  artifactKey: Guid(2613c0e58b0250b41b897ebc3e2e32aa) Importer(815301076,1909f56bfc062723c751e8b465ee728b)
Start importing Assets/Scenes/Untitled-4_Recovered-28.png using Guid(2613c0e58b0250b41b897ebc3e2e32aa) Importer(815301076,1909f56bfc062723c751e8b465ee728b)  -> (artifact id: '4b159a8b84172908e0ca74daf1d47c5f') in 0.015063 seconds 
========================================================================
Received Import Request.
  Time since last request: 0.000250 seconds.
  path: Assets/Scenes/Untitled-4_Recovered-11.png
  artifactKey: Guid(b56bdd587c6259c478ed30eca188df5b) Importer(815301076,1909f56bfc062723c751e8b465ee728b)
Start importing Assets/Scenes/Untitled-4_Recovered-11.png using Guid(b56bdd587c6259c478ed30eca188df5b) Importer(815301076,1909f56bfc062723c751e8b465ee728b)  -> (artifact id: '9c3176b5d83c04f03c1740434d772b4b') in 0.017383 seconds 
========================================================================
Received Import Request.
  Time since last request: 0.000225 seconds.
  path: Assets/Scenes/Untitled-4_Recovered-16.png
  artifactKey: Guid(417813f35d033c9408e42a24f73dd29e) Importer(815301076,1909f56bfc062723c751e8b465ee728b)
Start importing Assets/Scenes/Untitled-4_Recovered-16.png using Guid(417813f35d033c9408e42a24f73dd29e) Importer(815301076,1909f56bfc062723c751e8b465ee728b)  -> (artifact id: '1ecb27a409ecf7fe51a8004b0e7f45d5') in 0.015787 seconds 
========================================================================
Received Import Request.
  Time since last request: 0.000228 seconds.
  path: Assets/Scenes/Untitled-4_Recovered-06.png
  artifactKey: Guid(37dbc69369cdebb4e8e8cc3b35bea568) Importer(815301076,1909f56bfc062723c751e8b465ee728b)
Start importing Assets/Scenes/Untitled-4_Recovered-06.png using Guid(37dbc69369cdebb4e8e8cc3b35bea568) Importer(815301076,1909f56bfc062723c751e8b465ee728b)  -> (artifact id: 'f04988f8d9f08e7ef0a9a07dd340bbdf') in 0.022779 seconds 
========================================================================
Received Import Request.
  Time since last request: 0.000196 seconds.
  path: Assets/Scenes/Untitled-4_Recovered-32 (1).png
  artifactKey: Guid(e2861cafd3d6e9544980bbc31695d045) Importer(815301076,1909f56bfc062723c751e8b465ee728b)
Start importing Assets/Scenes/Untitled-4_Recovered-32 (1).png using Guid(e2861cafd3d6e9544980bbc31695d045) Importer(815301076,1909f56bfc062723c751e8b465ee728b)  -> (artifact id: '6b42a2ca2780a9811485372e509caf10') in 0.015624 seconds 
========================================================================
Received Import Request.
  Time since last request: 0.000229 seconds.
  path: Assets/Scenes/Untitled-4_Recovered-33.png
  artifactKey: Guid(67ebe53b4c47e24459d5b21b76ede296) Importer(815301076,1909f56bfc062723c751e8b465ee728b)
Start importing Assets/Scenes/Untitled-4_Recovered-33.png using Guid(67ebe53b4c47e24459d5b21b76ede296) Importer(815301076,1909f56bfc062723c751e8b465ee728b)  -> (artifact id: '8b689586c3e98f26eed536b85a78b97f') in 0.180641 seconds 
========================================================================
Received Import Request.
  Time since last request: 0.000182 seconds.
  path: Assets/Scenes/Untitled-4_Recovered-17.png
  artifactKey: Guid(85490503ef0733e459e68c1836d7b8dc) Importer(815301076,1909f56bfc062723c751e8b465ee728b)
Start importing Assets/Scenes/Untitled-4_Recovered-17.png using Guid(85490503ef0733e459e68c1836d7b8dc) Importer(815301076,1909f56bfc062723c751e8b465ee728b)  -> (artifact id: '5078e7873a91c499a4612ec4bdf7c7b5') in 0.015137 seconds 
========================================================================
Received Import Request.
  Time since last request: 0.000185 seconds.
  path: Assets/Scenes/Untitled-4_Recovered-20.png
  artifactKey: Guid(b518aae39b8465b4586c49549d1a827f) Importer(815301076,1909f56bfc062723c751e8b465ee728b)
Start importing Assets/Scenes/Untitled-4_Recovered-20.png using Guid(b518aae39b8465b4586c49549d1a827f) Importer(815301076,1909f56bfc062723c751e8b465ee728b)  -> (artifact id: '117ffd3a7b38c7af6b27b6193a5259f8') in 0.018119 seconds 
========================================================================
Received Import Request.
  Time since last request: 16.208206 seconds.
  path: Assets/Scenes/Slingshot.unity
  artifactKey: Guid(450f0dde1ecfa094eb45f7d766ce4804) Importer(815301076,1909f56bfc062723c751e8b465ee728b)
Start importing Assets/Scenes/Slingshot.unity using Guid(450f0dde1ecfa094eb45f7d766ce4804) Importer(815301076,1909f56bfc062723c751e8b465ee728b)  -> (artifact id: 'bb219997be409567e12595390b110b1f') in 0.005081 seconds 
AssetImportWorkerClient::OnTransportError - code=2 error=End of file
